# github.com/taokim/repo-claude/cmd/repo-claude [github.com/taokim/repo-claude/cmd/repo-claude.test]
cmd/repo-claude/app.go:296:5: unknown field All in struct literal of type manager.AgentListOptions
cmd/repo-claude/app.go:297:5: unknown field Extended in struct literal of type manager.AgentListOptions
cmd/repo-claude/commands_test.go:61:11: undefined: statusCmd
cmd/repo-claude/commands_test.go:104:11: undefined: startCmd
cmd/repo-claude/commands_test.go:144:11: undefined: stopCmd
cmd/repo-claude/commands_test.go:161:9: undefined: syncCmd
cmd/repo-claude/commands_test.go:201:14: undefined: forallCmd
cmd/repo-claude/commands_test.go:209:11: undefined: forallCmd
cmd/repo-claude/commands_test.go:262:4: undefined: psCmd
cmd/repo-claude/commands_test.go:270:9: undefined: rootCmd
cmd/repo-claude/commands_test.go:270:9: too many errors
FAIL	github.com/taokim/repo-claude/cmd/repo-claude [build failed]
# github.com/taokim/repo-claude/internal/manager [github.com/taokim/repo-claude/internal/manager.test]
internal/manager/process_info_interface_test.go:4:2: "fmt" imported and not used
=== RUN   TestDefaultConfig
--- PASS: TestDefaultConfig (0.00s)
=== RUN   TestConfigSaveLoad
--- PASS: TestConfigSaveLoad (0.00s)
=== RUN   TestGetProjectForAgent
--- PASS: TestGetProjectForAgent (0.00s)
=== RUN   TestConfigValidation
--- PASS: TestConfigValidation (0.00s)
=== RUN   TestLoadState
=== RUN   TestLoadState/NonExistentFile
=== RUN   TestLoadState/ValidStateFile
=== RUN   TestLoadState/InvalidJSON
=== RUN   TestLoadState/EmptyAgentsMap
--- PASS: TestLoadState (0.00s)
    --- PASS: TestLoadState/NonExistentFile (0.00s)
    --- PASS: TestLoadState/ValidStateFile (0.00s)
    --- PASS: TestLoadState/InvalidJSON (0.00s)
    --- PASS: TestLoadState/EmptyAgentsMap (0.00s)
=== RUN   TestStateSave
=== RUN   TestStateSave/SaveNewState
=== RUN   TestStateSave/SaveToInvalidPath
--- PASS: TestStateSave (0.00s)
    --- PASS: TestStateSave/SaveNewState (0.00s)
    --- PASS: TestStateSave/SaveToInvalidPath (0.00s)
=== RUN   TestUpdateAgent
=== RUN   TestUpdateAgent/AddNewAgent
=== RUN   TestUpdateAgent/UpdateExistingAgent
--- PASS: TestUpdateAgent (0.10s)
    --- PASS: TestUpdateAgent/AddNewAgent (0.00s)
    --- PASS: TestUpdateAgent/UpdateExistingAgent (0.10s)
=== RUN   TestStateRoundTrip
--- PASS: TestStateRoundTrip (0.00s)
PASS
coverage: 87.8% of statements
ok  	github.com/taokim/repo-claude/internal/config	0.498s	coverage: 87.8% of statements
=== RUN   TestManager_Construction
--- PASS: TestManager_Construction (0.00s)
=== RUN   TestCloneRepo_ExistingRepo
  âœ“ test (already exists)
--- PASS: TestCloneRepo_ExistingRepo (0.00s)
=== RUN   TestGetRepoStatus_NotExist
--- PASS: TestGetRepoStatus_NotExist (0.00s)
=== RUN   TestStatus_Concurrent
--- PASS: TestStatus_Concurrent (0.04s)
=== RUN   TestClone_Errors
  â†’ Cloning fail2...
  â†’ Cloning fail1...
fatal: 'bad-url' ì €ì¥ì†Œê°€ ì—†ìŠµë‹ˆë‹¤
fatal: 'bad-url' ì €ì¥ì†Œê°€ ì—†ìŠµë‹ˆë‹¤
--- PASS: TestClone_Errors (0.01s)
=== RUN   TestSync_MixedRepos
ğŸ”„ Syncing repositories...
  â†’ Cloning new...
fatal: 'bad-url' ì €ì¥ì†Œê°€ ì—†ìŠµë‹ˆë‹¤
--- PASS: TestSync_MixedRepos (0.01s)
=== RUN   TestForAll_HandlesErrors
ğŸ”§ Running command in all repositories: false 

[exists]
  âŒ Error: exit status 1
  âš ï¸  missing: not cloned
--- PASS: TestForAll_HandlesErrors (0.00s)
=== RUN   TestGetRepositories_Immutable
--- PASS: TestGetRepositories_Immutable (0.00s)
=== RUN   TestCloneRepo_DirectoryCreation
  â†’ Cloning nested...
fatal: 'url' ì €ì¥ì†Œê°€ ì—†ìŠµë‹ˆë‹¤
--- PASS: TestCloneRepo_DirectoryCreation (0.01s)
=== RUN   TestSyncRepo_CloneIfMissing
  â†’ Cloning new...
fatal: 'url' ì €ì¥ì†Œê°€ ì—†ìŠµë‹ˆë‹¤
--- PASS: TestSyncRepo_CloneIfMissing (0.01s)
=== RUN   TestClone_ErrorAggregation
  â†’ Cloning repo4...
  â†’ Cloning repo0...
  â†’ Cloning repo1...
  â†’ Cloning repo2...
  â†’ Cloning repo3...
fatal: 'bad-url' ì €ì¥ì†Œê°€ ì—†ìŠµë‹ˆë‹¤
fatal: 'bad-url' ì €ì¥ì†Œê°€ ì—†ìŠµë‹ˆë‹¤
fatal: 'bad-url' ì €ì¥ì†Œê°€ ì—†ìŠµë‹ˆë‹¤
fatal: 'bad-url' ì €ì¥ì†Œê°€ ì—†ìŠµë‹ˆë‹¤
fatal: 'bad-url' ì €ì¥ì†Œê°€ ì—†ìŠµë‹ˆë‹¤
--- PASS: TestClone_ErrorAggregation (0.01s)
=== RUN   TestRepository_AllFields
--- PASS: TestRepository_AllFields (0.00s)
=== RUN   TestStatus_AllFields
--- PASS: TestStatus_AllFields (0.00s)
PASS
coverage: 86.5% of statements
ok  	github.com/taokim/repo-claude/internal/git	0.901s	coverage: 86.5% of statements
FAIL	github.com/taokim/repo-claude/internal/manager [build failed]
=== RUN   TestIntegrationWorkflow
    integration_test.go:98: 
        	Error Trace:	/Users/musinsa/ws/repo-claude/repo-claude-go/test/integration_test.go:98
        	            				/Users/musinsa/ws/repo-claude/repo-claude-go/test/integration_test.go:29
        	Error:      	Received unexpected error:
        	            	exit status 1
        	Test:       	TestIntegrationWorkflow
        	Messages:   	Build failed: # github.com/taokim/repo-claude/cmd/repo-claude
        	            	cmd/repo-claude/app.go:8:2: "strings" imported and not used
        	            	cmd/repo-claude/app.go:296:5: unknown field All in struct literal of type manager.AgentListOptions
        	            	cmd/repo-claude/app.go:297:5: unknown field Extended in struct literal of type manager.AgentListOptions
--- FAIL: TestIntegrationWorkflow (0.20s)
=== RUN   TestConfigValidation
    integration_test.go:98: 
        	Error Trace:	/Users/musinsa/ws/repo-claude/repo-claude-go/test/integration_test.go:98
        	            				/Users/musinsa/ws/repo-claude/repo-claude-go/test/integration_test.go:135
        	Error:      	Received unexpected error:
        	            	exit status 1
        	Test:       	TestConfigValidation
        	Messages:   	Build failed: # github.com/taokim/repo-claude/cmd/repo-claude
        	            	cmd/repo-claude/app.go:8:2: "strings" imported and not used
        	            	cmd/repo-claude/app.go:296:5: unknown field All in struct literal of type manager.AgentListOptions
        	            	cmd/repo-claude/app.go:297:5: unknown field Extended in struct literal of type manager.AgentListOptions
--- FAIL: TestConfigValidation (0.21s)
FAIL
coverage: [no statements]
FAIL	github.com/taokim/repo-claude/test	1.000s
FAIL
